<?xml version="1.0" encoding="UTF-8"?>
<testsuite xmlns:xsi="http://www.w3.org/2001/XMLSchema-instance" xsi:noNamespaceSchemaLocation="https://maven.apache.org/surefire/maven-surefire-plugin/xsd/surefire-test-report.xsd" name="com.taotao.AppTest" time="0.067" tests="1" errors="0" skipped="0" failures="0">
  <properties>
    <property name="sun.desktop" value="windows"/>
    <property name="awt.toolkit" value="sun.awt.windows.WToolkit"/>
    <property name="file.encoding.pkg" value="sun.io"/>
    <property name="java.specification.version" value="1.8"/>
    <property name="sun.cpu.isalist" value="amd64"/>
    <property name="sun.jnu.encoding" value="GBK"/>
    <property name="java.class.path" value="D:\data\workspace\myproject\common-utils\target\test-classes;D:\data\workspace\myproject\common-utils\target\classes;D:\Maven\repository\joda-time\joda-time\2.5\joda-time-2.5.jar;D:\Maven\repository\org\apache\commons\commons-lang3\3.3.2\commons-lang3-3.3.2.jar;D:\Maven\repository\commons-io\commons-io\1.3.2\commons-io-1.3.2.jar;D:\Maven\repository\commons-net\commons-net\3.3\commons-net-3.3.jar;D:\Maven\repository\com\fasterxml\jackson\core\jackson-databind\2.4.2\jackson-databind-2.4.2.jar;D:\Maven\repository\com\fasterxml\jackson\core\jackson-annotations\2.4.0\jackson-annotations-2.4.0.jar;D:\Maven\repository\com\fasterxml\jackson\core\jackson-core\2.4.2\jackson-core-2.4.2.jar;D:\Maven\repository\org\apache\httpcomponents\httpclient\4.3.5\httpclient-4.3.5.jar;D:\Maven\repository\org\apache\httpcomponents\httpcore\4.3.2\httpcore-4.3.2.jar;D:\Maven\repository\commons-logging\commons-logging\1.1.3\commons-logging-1.1.3.jar;D:\Maven\repository\commons-codec\commons-codec\1.6\commons-codec-1.6.jar;D:\Maven\repository\org\quartz-scheduler\quartz\2.2.2\quartz-2.2.2.jar;D:\Maven\repository\c3p0\c3p0\0.9.1.1\c3p0-0.9.1.1.jar;D:\Maven\repository\org\slf4j\slf4j-api\1.7.7\slf4j-api-1.7.7.jar;D:\Maven\repository\junit\junit\4.12\junit-4.12.jar;D:\Maven\repository\org\hamcrest\hamcrest-core\1.3\hamcrest-core-1.3.jar;D:\Maven\repository\org\slf4j\slf4j-log4j12\1.6.4\slf4j-log4j12-1.6.4.jar;D:\Maven\repository\log4j\log4j\1.2.16\log4j-1.2.16.jar;"/>
    <property name="java.vm.vendor" value="Oracle Corporation"/>
    <property name="sun.arch.data.model" value="64"/>
    <property name="user.variant" value=""/>
    <property name="java.vendor.url" value="http://java.oracle.com/"/>
    <property name="user.timezone" value=""/>
    <property name="java.vm.specification.version" value="1.8"/>
    <property name="os.name" value="Windows 10"/>
    <property name="user.country" value="CN"/>
    <property name="sun.java.launcher" value="SUN_STANDARD"/>
    <property name="sun.boot.library.path" value="C:\Program Files\Java\jdk1.8.0_172\jre\bin"/>
    <property name="sun.java.command" value="C:\Users\chen\AppData\Local\Temp\surefire3448184047657318990\surefirebooter2424206851634323692.jar C:\Users\chen\AppData\Local\Temp\surefire3448184047657318990 2018-09-12T00-26-11_554-jvmRun1 surefire1972246632967479301tmp surefire_08851066960952897208tmp"/>
    <property name="surefire.test.class.path" value="D:\data\workspace\myproject\common-utils\target\test-classes;D:\data\workspace\myproject\common-utils\target\classes;D:\Maven\repository\joda-time\joda-time\2.5\joda-time-2.5.jar;D:\Maven\repository\org\apache\commons\commons-lang3\3.3.2\commons-lang3-3.3.2.jar;D:\Maven\repository\commons-io\commons-io\1.3.2\commons-io-1.3.2.jar;D:\Maven\repository\commons-net\commons-net\3.3\commons-net-3.3.jar;D:\Maven\repository\com\fasterxml\jackson\core\jackson-databind\2.4.2\jackson-databind-2.4.2.jar;D:\Maven\repository\com\fasterxml\jackson\core\jackson-annotations\2.4.0\jackson-annotations-2.4.0.jar;D:\Maven\repository\com\fasterxml\jackson\core\jackson-core\2.4.2\jackson-core-2.4.2.jar;D:\Maven\repository\org\apache\httpcomponents\httpclient\4.3.5\httpclient-4.3.5.jar;D:\Maven\repository\org\apache\httpcomponents\httpcore\4.3.2\httpcore-4.3.2.jar;D:\Maven\repository\commons-logging\commons-logging\1.1.3\commons-logging-1.1.3.jar;D:\Maven\repository\commons-codec\commons-codec\1.6\commons-codec-1.6.jar;D:\Maven\repository\org\quartz-scheduler\quartz\2.2.2\quartz-2.2.2.jar;D:\Maven\repository\c3p0\c3p0\0.9.1.1\c3p0-0.9.1.1.jar;D:\Maven\repository\org\slf4j\slf4j-api\1.7.7\slf4j-api-1.7.7.jar;D:\Maven\repository\junit\junit\4.12\junit-4.12.jar;D:\Maven\repository\org\hamcrest\hamcrest-core\1.3\hamcrest-core-1.3.jar;D:\Maven\repository\org\slf4j\slf4j-log4j12\1.6.4\slf4j-log4j12-1.6.4.jar;D:\Maven\repository\log4j\log4j\1.2.16\log4j-1.2.16.jar;"/>
    <property name="sun.cpu.endian" value="little"/>
    <property name="user.home" value="C:\Users\chen"/>
    <property name="user.language" value="zh"/>
    <property name="java.specification.vendor" value="Oracle Corporation"/>
    <property name="java.home" value="C:\Program Files\Java\jdk1.8.0_172\jre"/>
    <property name="basedir" value="D:\data\workspace\myproject\common-utils"/>
    <property name="file.separator" value="\"/>
    <property name="line.separator" value="&#10;"/>
    <property name="java.vm.specification.vendor" value="Oracle Corporation"/>
    <property name="java.specification.name" value="Java Platform API Specification"/>
    <property name="java.awt.graphicsenv" value="sun.awt.Win32GraphicsEnvironment"/>
    <property name="surefire.real.class.path" value="C:\Users\chen\AppData\Local\Temp\surefire3448184047657318990\surefirebooter2424206851634323692.jar"/>
    <property name="sun.boot.class.path" value="C:\Program Files\Java\jdk1.8.0_172\jre\lib\resources.jar;C:\Program Files\Java\jdk1.8.0_172\jre\lib\rt.jar;C:\Program Files\Java\jdk1.8.0_172\jre\lib\sunrsasign.jar;C:\Program Files\Java\jdk1.8.0_172\jre\lib\jsse.jar;C:\Program Files\Java\jdk1.8.0_172\jre\lib\jce.jar;C:\Program Files\Java\jdk1.8.0_172\jre\lib\charsets.jar;C:\Program Files\Java\jdk1.8.0_172\jre\lib\jfr.jar;C:\Program Files\Java\jdk1.8.0_172\jre\classes"/>
    <property name="user.script" value=""/>
    <property name="sun.management.compiler" value="HotSpot 64-Bit Tiered Compilers"/>
    <property name="java.runtime.version" value="1.8.0_172-b11"/>
    <property name="user.name" value="chen"/>
    <property name="path.separator" value=";"/>
    <property name="os.version" value="10.0"/>
    <property name="java.endorsed.dirs" value="C:\Program Files\Java\jdk1.8.0_172\jre\lib\endorsed"/>
    <property name="java.runtime.name" value="Java(TM) SE Runtime Environment"/>
    <property name="file.encoding" value="GBK"/>
    <property name="java.vm.name" value="Java HotSpot(TM) 64-Bit Server VM"/>
    <property name="localRepository" value="D:\Maven\repository"/>
    <property name="java.vendor.url.bug" value="http://bugreport.sun.com/bugreport/"/>
    <property name="java.io.tmpdir" value="C:\Users\chen\AppData\Local\Temp\"/>
    <property name="idea.version" value="2018.1.6"/>
    <property name="java.version" value="1.8.0_172"/>
    <property name="user.dir" value="D:\data\workspace\myproject\common-utils"/>
    <property name="os.arch" value="amd64"/>
    <property name="java.vm.specification.name" value="Java Virtual Machine Specification"/>
    <property name="java.awt.printerjob" value="sun.awt.windows.WPrinterJob"/>
    <property name="sun.os.patch.level" value=""/>
    <property name="java.library.path" value="C:\Program Files\Java\jdk1.8.0_172\jre\bin;C:\WINDOWS\Sun\Java\bin;C:\WINDOWS\system32;C:\WINDOWS;C:\Program Files (x86)\Common Files\Oracle\Java\javapath;C:\Anaconda3;C:\Anaconda3\Library\mingw-w64\bin;C:\Anaconda3\Library\usr\bin;C:\Anaconda3\Library\bin;C:\Anaconda3\Scripts;C:\Program Files (x86)\Intel\Intel(R) Management Engine Components\iCLS\;C:\Program Files\Intel\Intel(R) Management Engine Components\iCLS\;C:\WINDOWS\system32;C:\WINDOWS;C:\WINDOWS\System32\Wbem;C:\WINDOWS\System32\WindowsPowerShell\v1.0\;C:\Program Files (x86)\Intel\Intel(R) Management Engine Components\DAL;C:\Program Files\Intel\Intel(R) Management Engine Components\DAL;C:\Program Files (x86)\Intel\Intel(R) Management Engine Components\IPT;C:\Program Files\Intel\Intel(R) Management Engine Components\IPT;C:\Program Files\Intel\WiFi\bin\;C:\Program Files\Common Files\Intel\WirelessCommon\;C:\Program Files\Microsoft VS Code\bin;C:\Program Files\Java\jdk1.8.0_172\bin;C:\Program Files\Java\jdk1.8.0_172\jre\bin;C:\WINDOWS\System32\OpenSSH\;D:\soft\Nodejs\;C:\Program Files\Git\cmd;D:\soft\Nodejs\node_global;C:\Users\chen\AppData\Local\Microsoft\WindowsApps;C:\Users\chen\AppData\Roaming\npm;."/>
    <property name="java.vm.info" value="mixed mode"/>
    <property name="java.vendor" value="Oracle Corporation"/>
    <property name="java.vm.version" value="25.172-b11"/>
    <property name="java.ext.dirs" value="C:\Program Files\Java\jdk1.8.0_172\jre\lib\ext;C:\WINDOWS\Sun\Java\lib\ext"/>
    <property name="sun.io.unicode.encoding" value="UnicodeLittle"/>
    <property name="maven.repo.local" value="D:\Maven\repository"/>
    <property name="java.class.version" value="52.0"/>
  </properties>
  <testcase name="shouldAnswerWithTrue" classname="com.taotao.AppTest" time="0.002"/>
</testsuite>